<?xml version="1.0" encoding="UTF-8"?>
<!-- Generated by org.testng.reporters.JUnitReportReporter -->
<testsuite skipped="0" hostname="OL101571" name="nz.co.trademe.carSearchtest" tests="5" failures="0" timestamp="2023-02-12T23:20:47 NZDT" time="137.038" errors="0">
  <testcase name="verifyCarSearchResults" time="23.796" classname="nz.co.trademe.carSearchtest"/>
  <system-out/>
  <testcase name="verifyCarSearchResults" time="29.148" classname="nz.co.trademe.carSearchtest"/>
  <system-out/>
  <testcase name="verifyCarSearchResults" time="41.142" classname="nz.co.trademe.carSearchtest"/>
  <system-out/>
  <testcase name="verifyNumberOfCarMakesAvailable" time="18.339" classname="nz.co.trademe.carSearchtest"/>
  <system-out/>
  <testcase name="verifyCarSearchResults" time="24.613" classname="nz.co.trademe.carSearchtest"/>
  <system-out/>
</testsuite> <!-- nz.co.trademe.carSearchtest -->
